  [1m[35m (6.6ms)[0m  [1m[35mCREATE TABLE "schema_migrations" ("version" varchar NOT NULL PRIMARY KEY) /*application='BookStore'*/[0m
  [1m[35m (0.3ms)[0m  [1m[35mCREATE TABLE "ar_internal_metadata" ("key" varchar NOT NULL PRIMARY KEY, "value" varchar, "created_at" datetime(6) NOT NULL, "updated_at" datetime(6) NOT NULL) /*application='BookStore'*/[0m
  [1m[36mActiveRecord::InternalMetadata Load (0.2ms)[0m  [1m[34mSELECT * FROM "ar_internal_metadata" WHERE "ar_internal_metadata"."key" = 'environment' ORDER BY "ar_internal_metadata"."key" ASC LIMIT 1 /*application='BookStore'*/[0m
  [1m[36mActiveRecord::InternalMetadata Create (0.3ms)[0m  [1m[32mINSERT INTO "ar_internal_metadata" ("key", "value", "created_at", "updated_at") VALUES ('environment', 'development', '2025-08-28 18:52:08.385350', '2025-08-28 18:52:08.385355') RETURNING "key" /*application='BookStore'*/[0m
  [1m[36mActiveRecord::SchemaMigration Load (0.1ms)[0m  [1m[34mSELECT "schema_migrations"."version" FROM "schema_migrations" ORDER BY "schema_migrations"."version" ASC /*application='BookStore'*/[0m
Migrating to CreateBooks (20250828184946)
  [1m[36mTRANSACTION (0.1ms)[0m  [1m[35mBEGIN immediate TRANSACTION /*application='BookStore'*/[0m
  [1m[35m (1.7ms)[0m  [1m[35mCREATE TABLE "books" ("id" integer PRIMARY KEY AUTOINCREMENT NOT NULL, "title" varchar, "author" varchar, "price" decimal(10,2), "published_on" date, "created_at" datetime(6) NOT NULL, "updated_at" datetime(6) NOT NULL) /*application='BookStore'*/[0m
  [1m[36mActiveRecord::SchemaMigration Create (0.2ms)[0m  [1m[32mINSERT INTO "schema_migrations" ("version") VALUES ('20250828184946') RETURNING "version" /*application='BookStore'*/[0m
  [1m[36mTRANSACTION (0.3ms)[0m  [1m[35mCOMMIT TRANSACTION /*application='BookStore'*/[0m
  [1m[36mActiveRecord::SchemaMigration Load (0.1ms)[0m  [1m[34mSELECT "schema_migrations"."version" FROM "schema_migrations" ORDER BY "schema_migrations"."version" ASC /*application='BookStore'*/[0m
Started GET "/" for ::1 at 2025-08-29 00:25:24 +0530
  [1m[36mActiveRecord::SchemaMigration Load (0.3ms)[0m  [1m[34mSELECT "schema_migrations"."version" FROM "schema_migrations" ORDER BY "schema_migrations"."version" ASC /*application='BookStore'*/[0m
Processing by BooksController#index as HTML
  Rendering layout layouts/application.html.erb
  Rendering books/index.html.erb within layouts/application
  [1m[36mBook Load (1.6ms)[0m  [1m[34mSELECT "books".* FROM "books" /*action='index',application='BookStore',controller='books'*/[0m
  ↳ app/views/books/index.html.erb:8
  Rendered books/index.html.erb within layouts/application (Duration: 12.7ms | GC: 0.0ms)
  Rendered layout layouts/application.html.erb (Duration: 20.9ms | GC: 0.8ms)
Completed 200 OK in 183ms (Views: 28.6ms | ActiveRecord: 2.3ms (1 query, 0 cached) | GC: 17.7ms)


Started GET "/books/new" for ::1 at 2025-08-29 00:25:26 +0530
Processing by BooksController#new as HTML
  Rendering layout layouts/application.html.erb
  Rendering books/new.html.erb within layouts/application
  Rendered books/_form.html.erb (Duration: 37.5ms | GC: 1.5ms)
  Rendered books/new.html.erb within layouts/application (Duration: 40.1ms | GC: 1.5ms)
  Rendered layout layouts/application.html.erb (Duration: 41.2ms | GC: 1.5ms)
Completed 200 OK in 90ms (Views: 41.8ms | ActiveRecord: 1.5ms (0 queries, 0 cached) | GC: 3.1ms)


  [1m[36mBook Load (3.3ms)[0m  [1m[34mSELECT "books".* FROM "books" /*application='BookStore'*/[0m
  [1m[36mTRANSACTION (0.1ms)[0m  [1m[35mBEGIN immediate TRANSACTION /*application='BookStore'*/[0m
  [1m[36mBook Create (0.8ms)[0m  [1m[32mINSERT INTO "books" ("title", "author", "price", "published_on", "created_at", "updated_at") VALUES ('Clean Code', 'Robert C. Martin', 799.0, '2008-08-01', '2025-08-28 18:57:17.364027', '2025-08-28 18:57:17.364027') RETURNING "id" /*application='BookStore'*/[0m
  [1m[36mTRANSACTION (6.4ms)[0m  [1m[35mCOMMIT TRANSACTION /*application='BookStore'*/[0m
  [1m[36mTRANSACTION (0.1ms)[0m  [1m[35mBEGIN immediate TRANSACTION /*application='BookStore'*/[0m
  [1m[36mBook Create (1.8ms)[0m  [1m[32mINSERT INTO "books" ("title", "author", "price", "published_on", "created_at", "updated_at") VALUES ('Practical Object-Oriented Design', 'Sandi Metz', 999.0, '2012-09-12', '2025-08-28 18:57:17.376032', '2025-08-28 18:57:17.376032') RETURNING "id" /*application='BookStore'*/[0m
  [1m[36mTRANSACTION (0.2ms)[0m  [1m[35mCOMMIT TRANSACTION /*application='BookStore'*/[0m
  [1m[36mTRANSACTION (0.3ms)[0m  [1m[35mBEGIN immediate TRANSACTION /*application='BookStore'*/[0m
  [1m[36mBook Create (1.5ms)[0m  [1m[32mINSERT INTO "books" ("title", "author", "price", "published_on", "created_at", "updated_at") VALUES ('Eloquent Ruby', 'Russ Olsen', 749.5, '2011-02-11', '2025-08-28 18:57:17.380942', '2025-08-28 18:57:17.380942') RETURNING "id" /*application='BookStore'*/[0m
  [1m[36mTRANSACTION (0.6ms)[0m  [1m[35mCOMMIT TRANSACTION /*application='BookStore'*/[0m
  [1m[36mActiveRecord::SchemaMigration Load (0.2ms)[0m  [1m[34mSELECT "schema_migrations"."version" FROM "schema_migrations" ORDER BY "schema_migrations"."version" ASC /*application='BookStore'*/[0m
Started GET "/books/new" for ::1 at 2025-08-29 00:28:01 +0530
Processing by BooksController#new as HTML
  Rendering layout layouts/application.html.erb
  Rendering books/new.html.erb within layouts/application
  Rendered books/_form.html.erb (Duration: 2.0ms | GC: 0.0ms)
  Rendered books/new.html.erb within layouts/application (Duration: 2.5ms | GC: 0.0ms)
  Rendered layout layouts/application.html.erb (Duration: 3.2ms | GC: 0.0ms)
Completed 200 OK in 23ms (Views: 3.6ms | ActiveRecord: 0.0ms (0 queries, 0 cached) | GC: 0.4ms)


Started GET "/" for ::1 at 2025-08-29 00:28:05 +0530
Processing by BooksController#index as HTML
  Rendering layout layouts/application.html.erb
  Rendering books/index.html.erb within layouts/application
  [1m[36mBook Load (0.4ms)[0m  [1m[34mSELECT "books".* FROM "books" /*action='index',application='BookStore',controller='books'*/[0m
  ↳ app/views/books/index.html.erb:8
  Rendered books/_book.html.erb (Duration: 0.6ms | GC: 0.0ms)
  Rendered books/_book.html.erb (Duration: 0.1ms | GC: 0.0ms)
  Rendered books/_book.html.erb (Duration: 0.1ms | GC: 0.0ms)
  Rendered books/index.html.erb within layouts/application (Duration: 24.6ms | GC: 0.7ms)
  Rendered layout layouts/application.html.erb (Duration: 25.8ms | GC: 0.7ms)
Completed 200 OK in 47ms (Views: 26.5ms | ActiveRecord: 0.2ms (1 query, 0 cached) | GC: 0.7ms)


Started GET "/books/1" for ::1 at 2025-08-29 00:28:08 +0530
Processing by BooksController#show as HTML
  Parameters: {"id"=>"1"}
  [1m[36mBook Load (0.2ms)[0m  [1m[34mSELECT "books".* FROM "books" WHERE "books"."id" = 1 LIMIT 1 /*action='show',application='BookStore',controller='books'*/[0m
  ↳ app/controllers/books_controller.rb:63:in `set_book'
  Rendering layout layouts/application.html.erb
  Rendering books/show.html.erb within layouts/application
  Rendered books/_book.html.erb (Duration: 0.1ms | GC: 0.0ms)
  Rendered books/show.html.erb within layouts/application (Duration: 3.0ms | GC: 0.5ms)
  Rendered layout layouts/application.html.erb (Duration: 4.3ms | GC: 0.5ms)
Completed 200 OK in 31ms (Views: 5.5ms | ActiveRecord: 0.1ms (1 query, 0 cached) | GC: 0.9ms)


Started GET "/" for ::1 at 2025-08-29 00:51:07 +0530
  [1m[36mActiveRecord::SchemaMigration Load (0.2ms)[0m  [1m[34mSELECT "schema_migrations"."version" FROM "schema_migrations" ORDER BY "schema_migrations"."version" ASC /*application='BookStore'*/[0m
Processing by BooksController#index as HTML
  Rendering layout layouts/application.html.erb
  Rendering books/index.html.erb within layouts/application
  [1m[36mBook Load (1.3ms)[0m  [1m[34mSELECT "books".* FROM "books" /*action='index',application='BookStore',controller='books'*/[0m
  ↳ app/views/books/index.html.erb:6
  Rendered books/index.html.erb within layouts/application (Duration: 37.3ms | GC: 0.0ms)
  Rendered layout layouts/application.html.erb (Duration: 81.5ms | GC: 27.5ms)
Completed 200 OK in 175ms (Views: 82.2ms | ActiveRecord: 3.0ms (1 query, 0 cached) | GC: 27.5ms)


Started GET "/" for ::1 at 2025-08-29 00:51:15 +0530
Processing by BooksController#index as HTML
  Rendering layout layouts/application.html.erb
  Rendering books/index.html.erb within layouts/application
  [1m[36mBook Load (0.3ms)[0m  [1m[34mSELECT "books".* FROM "books" /*action='index',application='BookStore',controller='books'*/[0m
  ↳ app/views/books/index.html.erb:6
  Rendered books/index.html.erb within layouts/application (Duration: 17.6ms | GC: 0.0ms)
  Rendered layout layouts/application.html.erb (Duration: 19.3ms | GC: 0.0ms)
Completed 200 OK in 89ms (Views: 19.6ms | ActiveRecord: 0.3ms (1 query, 0 cached) | GC: 0.0ms)


Started GET "/" for ::1 at 2025-08-29 00:57:22 +0530
  [1m[36mActiveRecord::SchemaMigration Load (0.2ms)[0m  [1m[34mSELECT "schema_migrations"."version" FROM "schema_migrations" ORDER BY "schema_migrations"."version" ASC /*application='BookStore'*/[0m
Processing by BooksController#index as HTML
  Rendering layout layouts/application.html.erb
  Rendering books/index.html.erb within layouts/application
  [1m[36mBook Load (1.7ms)[0m  [1m[34mSELECT "books".* FROM "books" /*action='index',application='BookStore',controller='books'*/[0m
  ↳ app/views/books/index.html.erb:6
  Rendered books/index.html.erb within layouts/application (Duration: 35.3ms | GC: 0.0ms)
  Rendered layout layouts/application.html.erb (Duration: 84.2ms | GC: 23.3ms)
Completed 500 Internal Server Error in 174ms (ActiveRecord: 3.4ms (1 query, 0 cached) | GC: 23.3ms)


  
ActionView::Template::Error (The asset 'application.css' was not found in the load path.)
Caused by: Propshaft::MissingAssetError (The asset 'application.css' was not found in the load path.)

Information for: ActionView::Template::Error (The asset 'application.css' was not found in the load path.):
     6:     <%= csrf_meta_tags %>
     7:     <%= csp_meta_tag %>
     8: 
     9:     <%= stylesheet_link_tag "application", "data-turbo-track": "reload" %>
    10:     <%= javascript_importmap_tags %>
    11:   </head>
    12:   <body>
  
app/views/layouts/application.html.erb:9

Information for cause: Propshaft::MissingAssetError (The asset 'application.css' was not found in the load path.):
  
app/views/layouts/application.html.erb:9
Started GET "/favicon.ico" for ::1 at 2025-08-29 00:57:24 +0530
  
ActionController::RoutingError (No route matches [GET] "/favicon.ico"):
  
Started GET "/" for ::1 at 2025-08-29 00:58:17 +0530
  [1m[36mActiveRecord::SchemaMigration Load (0.3ms)[0m  [1m[34mSELECT "schema_migrations"."version" FROM "schema_migrations" ORDER BY "schema_migrations"."version" ASC /*application='BookStore'*/[0m
Processing by BooksController#index as HTML
  Rendering layout layouts/application.html.erb
  Rendering books/index.html.erb within layouts/application
  [1m[36mBook Load (1.9ms)[0m  [1m[34mSELECT "books".* FROM "books" /*action='index',application='BookStore',controller='books'*/[0m
  ↳ app/views/books/index.html.erb:3
  Rendered books/index.html.erb within layouts/application (Duration: 91.9ms | GC: 60.2ms)
  Rendered layout layouts/application.html.erb (Duration: 123.5ms | GC: 68.0ms)
Completed 500 Internal Server Error in 208ms (ActiveRecord: 4.4ms (1 query, 0 cached) | GC: 77.4ms)


  
ActionView::Template::Error (The asset 'application.css' was not found in the load path.)
Caused by: Propshaft::MissingAssetError (The asset 'application.css' was not found in the load path.)

Information for: ActionView::Template::Error (The asset 'application.css' was not found in the load path.):
     6:     <%= csrf_meta_tags %>
     7:     <%= csp_meta_tag %>
     8: 
     9:     <%= stylesheet_link_tag "application", "data-turbo-track": "reload" %>
    10:     <%= javascript_importmap_tags %>
    11:   </head>
    12:   <body>
  
app/views/layouts/application.html.erb:9

Information for cause: Propshaft::MissingAssetError (The asset 'application.css' was not found in the load path.):
  
app/views/layouts/application.html.erb:9
Started GET "/" for ::1 at 2025-08-29 00:59:15 +0530
  [1m[36mActiveRecord::SchemaMigration Load (0.3ms)[0m  [1m[34mSELECT "schema_migrations"."version" FROM "schema_migrations" ORDER BY "schema_migrations"."version" ASC /*application='BookStore'*/[0m
Processing by BooksController#index as HTML
  Rendering layout layouts/application.html.erb
  Rendering books/index.html.erb within layouts/application
  [1m[36mBook Load (1.2ms)[0m  [1m[34mSELECT "books".* FROM "books" /*action='index',application='BookStore',controller='books'*/[0m
  ↳ app/views/books/index.html.erb:3
  Rendered books/index.html.erb within layouts/application (Duration: 29.2ms | GC: 0.0ms)
  Rendered layout layouts/application.html.erb (Duration: 77.4ms | GC: 25.1ms)
Completed 500 Internal Server Error in 151ms (ActiveRecord: 3.5ms (1 query, 0 cached) | GC: 25.1ms)


  
ActionView::Template::Error (The asset 'application.css' was not found in the load path.)
Caused by: Propshaft::MissingAssetError (The asset 'application.css' was not found in the load path.)

Information for: ActionView::Template::Error (The asset 'application.css' was not found in the load path.):
     6:     <%= csrf_meta_tags %>
     7:     <%= csp_meta_tag %>
     8: 
     9:     <%= stylesheet_link_tag "application", "data-turbo-track": "reload" %>
    10:     <%= javascript_importmap_tags %>
    11:   </head>
    12:   <body>
  
app/views/layouts/application.html.erb:9

Information for cause: Propshaft::MissingAssetError (The asset 'application.css' was not found in the load path.):
  
app/views/layouts/application.html.erb:9
Started GET "/" for ::1 at 2025-08-29 01:00:04 +0530
  [1m[36mActiveRecord::SchemaMigration Load (0.2ms)[0m  [1m[34mSELECT "schema_migrations"."version" FROM "schema_migrations" ORDER BY "schema_migrations"."version" ASC /*application='BookStore'*/[0m
Processing by BooksController#index as HTML
  Rendering layout layouts/application.html.erb
  Rendering books/index.html.erb within layouts/application
  [1m[36mBook Load (2.8ms)[0m  [1m[34mSELECT "books".* FROM "books" /*action='index',application='BookStore',controller='books'*/[0m
  ↳ app/views/books/index.html.erb:3
  Rendered books/index.html.erb within layouts/application (Duration: 109.9ms | GC: 72.0ms)
  Rendered layout layouts/application.html.erb (Duration: 128.1ms | GC: 74.7ms)
Completed 200 OK in 203ms (Views: 133.8ms | ActiveRecord: 5.5ms (1 query, 0 cached) | GC: 83.9ms)


Started GET "/books/new" for ::1 at 2025-08-29 01:00:12 +0530
Processing by BooksController#new as HTML
  Rendering layout layouts/application.html.erb
  Rendering books/new.html.erb within layouts/application
  Rendered books/_form.html.erb (Duration: 9.5ms | GC: 0.3ms)
  Rendered books/new.html.erb within layouts/application (Duration: 12.6ms | GC: 0.3ms)
  Rendered layout layouts/application.html.erb (Duration: 16.1ms | GC: 0.3ms)
Completed 200 OK in 45ms (Views: 18.2ms | ActiveRecord: 0.0ms (0 queries, 0 cached) | GC: 0.3ms)


Started GET "/" for ::1 at 2025-08-29 01:05:43 +0530
Processing by BooksController#index as HTML
  Rendering layout layouts/application.html.erb
  Rendering books/index.html.erb within layouts/application
  [1m[36mBook Load (0.3ms)[0m  [1m[34mSELECT "books".* FROM "books" /*action='index',application='BookStore',controller='books'*/[0m
  ↳ app/views/books/index.html.erb:3
  Rendered books/index.html.erb within layouts/application (Duration: 9.2ms | GC: 0.3ms)
  Rendered layout layouts/application.html.erb (Duration: 12.7ms | GC: 0.3ms)
Completed 200 OK in 84ms (Views: 14.5ms | ActiveRecord: 0.3ms (1 query, 0 cached) | GC: 0.3ms)


Started GET "/books/1" for ::1 at 2025-08-29 01:05:45 +0530
Processing by BooksController#show as HTML
  Parameters: {"id"=>"1"}
  [1m[36mBook Load (0.2ms)[0m  [1m[34mSELECT "books".* FROM "books" WHERE "books"."id" = 1 LIMIT 1 /*action='show',application='BookStore',controller='books'*/[0m
  ↳ app/controllers/books_controller.rb:63:in `set_book'
  Rendering layout layouts/application.html.erb
  Rendering books/show.html.erb within layouts/application
  Rendered books/show.html.erb within layouts/application (Duration: 2.6ms | GC: 0.5ms)
  Rendered layout layouts/application.html.erb (Duration: 5.4ms | GC: 0.5ms)
Completed 200 OK in 57ms (Views: 7.8ms | ActiveRecord: 0.2ms (1 query, 0 cached) | GC: 1.1ms)


Started GET "/books/1/edit" for ::1 at 2025-08-29 01:05:49 +0530
Processing by BooksController#edit as HTML
  Parameters: {"id"=>"1"}
  [1m[36mBook Load (0.3ms)[0m  [1m[34mSELECT "books".* FROM "books" WHERE "books"."id" = 1 LIMIT 1 /*action='edit',application='BookStore',controller='books'*/[0m
  ↳ app/controllers/books_controller.rb:63:in `set_book'
  Rendering layout layouts/application.html.erb
  Rendering books/edit.html.erb within layouts/application
  Rendered books/_form.html.erb (Duration: 4.5ms | GC: 0.0ms)
  Rendered books/edit.html.erb within layouts/application (Duration: 7.3ms | GC: 0.0ms)
  Rendered layout layouts/application.html.erb (Duration: 8.7ms | GC: 0.0ms)
Completed 200 OK in 51ms (Views: 9.7ms | ActiveRecord: 0.3ms (1 query, 0 cached) | GC: 0.0ms)


Started PATCH "/books/1" for ::1 at 2025-08-29 01:05:52 +0530
Processing by BooksController#update as HTML
  Parameters: {"authenticity_token"=>"[FILTERED]", "book"=>{"title"=>"Clean Code", "author"=>"Robert C. Martin", "price"=>"799.0", "published_on"=>"2008-08-01"}, "commit"=>"Update Book", "id"=>"1"}
  [1m[36mBook Load (0.2ms)[0m  [1m[34mSELECT "books".* FROM "books" WHERE "books"."id" = 1 LIMIT 1 /*action='update',application='BookStore',controller='books'*/[0m
  ↳ app/controllers/books_controller.rb:63:in `set_book'
Redirected to http://[::1]:3000/books/1
Completed 303 See Other in 31ms (ActiveRecord: 0.2ms (1 query, 0 cached) | GC: 0.0ms)


Started GET "/books/1" for ::1 at 2025-08-29 01:05:52 +0530
Processing by BooksController#show as HTML
  Parameters: {"id"=>"1"}
  [1m[36mBook Load (0.3ms)[0m  [1m[34mSELECT "books".* FROM "books" WHERE "books"."id" = 1 LIMIT 1 /*action='show',application='BookStore',controller='books'*/[0m
  ↳ app/controllers/books_controller.rb:63:in `set_book'
  Rendering layout layouts/application.html.erb
  Rendering books/show.html.erb within layouts/application
  Rendered books/show.html.erb within layouts/application (Duration: 2.1ms | GC: 0.0ms)
  Rendered layout layouts/application.html.erb (Duration: 3.5ms | GC: 0.0ms)
Completed 200 OK in 35ms (Views: 4.3ms | ActiveRecord: 0.3ms (1 query, 0 cached) | GC: 0.0ms)


Started GET "/books" for ::1 at 2025-08-29 01:05:54 +0530
Processing by BooksController#index as HTML
  Rendering layout layouts/application.html.erb
  Rendering books/index.html.erb within layouts/application
  [1m[36mBook Load (1.0ms)[0m  [1m[34mSELECT "books".* FROM "books" /*action='index',application='BookStore',controller='books'*/[0m
  ↳ app/views/books/index.html.erb:3
  Rendered books/index.html.erb within layouts/application (Duration: 9.0ms | GC: 0.0ms)
  Rendered layout layouts/application.html.erb (Duration: 10.3ms | GC: 0.0ms)
Completed 200 OK in 42ms (Views: 10.0ms | ActiveRecord: 1.0ms (1 query, 0 cached) | GC: 0.0ms)


Started GET "/books" for ::1 at 2025-08-29 01:06:06 +0530
Processing by BooksController#index as HTML
  Rendering layout layouts/application.html.erb
  Rendering books/index.html.erb within layouts/application
  [1m[36mBook Load (0.3ms)[0m  [1m[34mSELECT "books".* FROM "books" /*action='index',application='BookStore',controller='books'*/[0m
  ↳ app/views/books/index.html.erb:3
  Rendered books/index.html.erb within layouts/application (Duration: 11.4ms | GC: 0.0ms)
  Rendered layout layouts/application.html.erb (Duration: 14.6ms | GC: 0.0ms)
Completed 200 OK in 76ms (Views: 17.5ms | ActiveRecord: 0.3ms (1 query, 0 cached) | GC: 0.0ms)


  [1m[36mActiveRecord::InternalMetadata Load (0.5ms)[0m  [1m[34mSELECT * FROM "ar_internal_metadata" WHERE "ar_internal_metadata"."key" = 'environment' ORDER BY "ar_internal_metadata"."key" ASC LIMIT 1 /*application='BookStore'*/[0m
  [1m[36mActiveRecord::SchemaMigration Load (0.1ms)[0m  [1m[34mSELECT "schema_migrations"."version" FROM "schema_migrations" ORDER BY "schema_migrations"."version" ASC /*application='BookStore'*/[0m
Migrating to CreateCategories (20250829174025)
  [1m[36mTRANSACTION (0.1ms)[0m  [1m[35mBEGIN immediate TRANSACTION /*application='BookStore'*/[0m
  [1m[35m (1.6ms)[0m  [1m[35mCREATE TABLE "categories" ("id" integer PRIMARY KEY AUTOINCREMENT NOT NULL, "name" varchar, "created_at" datetime(6) NOT NULL, "updated_at" datetime(6) NOT NULL) /*application='BookStore'*/[0m
  [1m[36mActiveRecord::SchemaMigration Create (0.2ms)[0m  [1m[32mINSERT INTO "schema_migrations" ("version") VALUES ('20250829174025') RETURNING "version" /*application='BookStore'*/[0m
  [1m[36mTRANSACTION (6.6ms)[0m  [1m[35mCOMMIT TRANSACTION /*application='BookStore'*/[0m
  [1m[36mActiveRecord::SchemaMigration Load (0.1ms)[0m  [1m[34mSELECT "schema_migrations"."version" FROM "schema_migrations" ORDER BY "schema_migrations"."version" ASC /*application='BookStore'*/[0m
  [1m[36mActiveRecord::InternalMetadata Load (0.2ms)[0m  [1m[34mSELECT * FROM "ar_internal_metadata" WHERE "ar_internal_metadata"."key" = 'environment' ORDER BY "ar_internal_metadata"."key" ASC LIMIT 1 /*application='BookStore'*/[0m
  [1m[36mActiveRecord::SchemaMigration Load (0.2ms)[0m  [1m[34mSELECT "schema_migrations"."version" FROM "schema_migrations" ORDER BY "schema_migrations"."version" ASC /*application='BookStore'*/[0m
Migrating to AddCategoryToBooks (20250829174150)
  [1m[36mTRANSACTION (0.1ms)[0m  [1m[35mBEGIN immediate TRANSACTION /*application='BookStore'*/[0m
  [1m[35mSQL (0.0ms)[0m  [1m[35mPRAGMA foreign_keys /*application='BookStore'*/[0m
  [1m[35mSQL (0.1ms)[0m  [1m[35mPRAGMA defer_foreign_keys /*application='BookStore'*/[0m
  [1m[35m (0.1ms)[0m  [1m[35mPRAGMA defer_foreign_keys = ON /*application='BookStore'*/[0m
  [1m[35m (0.0ms)[0m  [1m[35mPRAGMA foreign_keys = OFF /*application='BookStore'*/[0m
  [1m[35m (0.2ms)[0m  [1m[35mCREATE TEMPORARY TABLE "abooks" ("id" integer PRIMARY KEY AUTOINCREMENT NOT NULL, "title" varchar, "author" varchar, "price" decimal(10,2), "published_on" date, "created_at" datetime(6) NOT NULL, "updated_at" datetime(6) NOT NULL) /*application='BookStore'*/[0m
  [1m[35mSQL (0.2ms)[0m  [1m[32mINSERT INTO "abooks" ("id","title","author","price","published_on","created_at","updated_at")
                     SELECT "id","title","author","price","published_on","created_at","updated_at" FROM "books" /*application='BookStore'*/[0m
  [1m[35m (0.4ms)[0m  [1m[35mDROP TABLE "books" /*application='BookStore'*/[0m
  [1m[35m (0.2ms)[0m  [1m[35mCREATE TABLE "books" ("id" integer PRIMARY KEY AUTOINCREMENT NOT NULL, "title" varchar, "author" varchar, "price" decimal(10,2), "published_on" date, "created_at" datetime(6) NOT NULL, "updated_at" datetime(6) NOT NULL, "category_id" integer NOT NULL) /*application='BookStore'*/[0m
  [1m[35mSQL (1.0ms)[0m  [1m[32mINSERT INTO "books" ("id","title","author","price","published_on","created_at","updated_at")
                     SELECT "id","title","author","price","published_on","created_at","updated_at" FROM "abooks" /*application='BookStore'*/[0m
  [1m[35m (0.1ms)[0m  [1m[35mPRAGMA defer_foreign_keys = 0 /*application='BookStore'*/[0m
  [1m[35m (0.1ms)[0m  [1m[35mPRAGMA foreign_keys = 1 /*application='BookStore'*/[0m
  [1m[36mTRANSACTION (0.2ms)[0m  [1m[31mROLLBACK TRANSACTION /*application='BookStore'*/[0m
  [1m[36mActiveRecord::InternalMetadata Load (0.2ms)[0m  [1m[34mSELECT * FROM "ar_internal_metadata" WHERE "ar_internal_metadata"."key" = 'environment' ORDER BY "ar_internal_metadata"."key" ASC LIMIT 1 /*application='BookStore'*/[0m
  [1m[36mActiveRecord::SchemaMigration Load (0.1ms)[0m  [1m[34mSELECT "schema_migrations"."version" FROM "schema_migrations" ORDER BY "schema_migrations"."version" ASC /*application='BookStore'*/[0m
Migrating to AddCategoryToBooks (20250829174150)
  [1m[36mActiveRecord::InternalMetadata Load (0.2ms)[0m  [1m[34mSELECT * FROM "ar_internal_metadata" WHERE "ar_internal_metadata"."key" = 'environment' ORDER BY "ar_internal_metadata"."key" ASC LIMIT 1 /*application='BookStore'*/[0m
  [1m[36mActiveRecord::SchemaMigration Load (0.1ms)[0m  [1m[34mSELECT "schema_migrations"."version" FROM "schema_migrations" ORDER BY "schema_migrations"."version" ASC /*application='BookStore'*/[0m
Migrating to AddCategoryToBooks (20250829174150)
  [1m[36mTRANSACTION (0.1ms)[0m  [1m[35mBEGIN immediate TRANSACTION /*application='BookStore'*/[0m
  [1m[35m (1.8ms)[0m  [1m[35mALTER TABLE "books" ADD "category_id" integer /*application='BookStore'*/[0m
  [1m[35m (0.2ms)[0m  [1m[35mCREATE INDEX "index_books_on_category_id" ON "books" ("category_id") /*application='BookStore'*/[0m
  [1m[35mSQL (0.1ms)[0m  [1m[35mPRAGMA foreign_keys /*application='BookStore'*/[0m
  [1m[35mSQL (0.2ms)[0m  [1m[35mPRAGMA defer_foreign_keys /*application='BookStore'*/[0m
  [1m[35m (0.1ms)[0m  [1m[35mPRAGMA defer_foreign_keys = ON /*application='BookStore'*/[0m
  [1m[35m (0.1ms)[0m  [1m[35mPRAGMA foreign_keys = OFF /*application='BookStore'*/[0m
  [1m[35m (0.4ms)[0m  [1m[35mCREATE TEMPORARY TABLE "abooks" ("id" integer PRIMARY KEY AUTOINCREMENT NOT NULL, "title" varchar, "author" varchar, "price" decimal(10,2), "published_on" date, "created_at" datetime(6) NOT NULL, "updated_at" datetime(6) NOT NULL, "category_id" integer) /*application='BookStore'*/[0m
  [1m[35m (0.5ms)[0m  [1m[35mCREATE INDEX "tindex_abooks_on_category_id" ON "abooks" ("category_id") /*application='BookStore'*/[0m
  [1m[35mSQL (0.1ms)[0m  [1m[32mINSERT INTO "abooks" ("id","title","author","price","published_on","created_at","updated_at","category_id")
                     SELECT "id","title","author","price","published_on","created_at","updated_at","category_id" FROM "books" /*application='BookStore'*/[0m
  [1m[35m (0.3ms)[0m  [1m[35mDROP TABLE "books" /*application='BookStore'*/[0m
  [1m[35m (0.2ms)[0m  [1m[35mCREATE TABLE "books" ("id" integer PRIMARY KEY AUTOINCREMENT NOT NULL, "title" varchar, "author" varchar, "price" decimal(10,2), "published_on" date, "created_at" datetime(6) NOT NULL, "updated_at" datetime(6) NOT NULL, "category_id" integer, CONSTRAINT "fk_rails_1e86d9c4ec"
FOREIGN KEY ("category_id")
  REFERENCES "categories" ("id")
) /*application='BookStore'*/[0m
  [1m[35m (0.3ms)[0m  [1m[35mCREATE INDEX "index_books_on_category_id" ON "books" ("category_id") /*application='BookStore'*/[0m
  [1m[35mSQL (0.1ms)[0m  [1m[32mINSERT INTO "books" ("id","title","author","price","published_on","created_at","updated_at","category_id")
                     SELECT "id","title","author","price","published_on","created_at","updated_at","category_id" FROM "abooks" /*application='BookStore'*/[0m
  [1m[35m (0.1ms)[0m  [1m[35mDROP TABLE "abooks" /*application='BookStore'*/[0m
  [1m[35m (0.1ms)[0m  [1m[35mPRAGMA defer_foreign_keys = 0 /*application='BookStore'*/[0m
  [1m[35m (0.1ms)[0m  [1m[35mPRAGMA foreign_keys = 1 /*application='BookStore'*/[0m
  [1m[36mActiveRecord::SchemaMigration Create (0.3ms)[0m  [1m[32mINSERT INTO "schema_migrations" ("version") VALUES ('20250829174150') RETURNING "version" /*application='BookStore'*/[0m
  [1m[36mTRANSACTION (6.6ms)[0m  [1m[35mCOMMIT TRANSACTION /*application='BookStore'*/[0m
  [1m[36mActiveRecord::SchemaMigration Load (0.1ms)[0m  [1m[34mSELECT "schema_migrations"."version" FROM "schema_migrations" ORDER BY "schema_migrations"."version" ASC /*application='BookStore'*/[0m
  [1m[36mActiveRecord::SchemaMigration Load (0.2ms)[0m  [1m[34mSELECT "schema_migrations"."version" FROM "schema_migrations" ORDER BY "schema_migrations"."version" ASC /*application='BookStore'*/[0m
  [1m[36mTRANSACTION (0.1ms)[0m  [1m[35mBEGIN immediate TRANSACTION /*application='BookStore'*/[0m
  [1m[36mCategory Create (1.8ms)[0m  [1m[32mINSERT INTO "categories" ("name", "created_at", "updated_at") VALUES ('Fiction', '2025-08-29 17:45:07.162370', '2025-08-29 17:45:07.162370') RETURNING "id" /*application='BookStore'*/[0m
  [1m[36mTRANSACTION (6.8ms)[0m  [1m[35mCOMMIT TRANSACTION /*application='BookStore'*/[0m
  [1m[36mTRANSACTION (0.1ms)[0m  [1m[35mBEGIN immediate TRANSACTION /*application='BookStore'*/[0m
  [1m[36mCategory Create (1.6ms)[0m  [1m[32mINSERT INTO "categories" ("name", "created_at", "updated_at") VALUES ('Non-Fiction', '2025-08-29 17:45:07.175526', '2025-08-29 17:45:07.175526') RETURNING "id" /*application='BookStore'*/[0m
  [1m[36mTRANSACTION (0.1ms)[0m  [1m[35mCOMMIT TRANSACTION /*application='BookStore'*/[0m
  [1m[36mTRANSACTION (0.1ms)[0m  [1m[35mBEGIN immediate TRANSACTION /*application='BookStore'*/[0m
  [1m[36mCategory Create (2.3ms)[0m  [1m[32mINSERT INTO "categories" ("name", "created_at", "updated_at") VALUES ('Science', '2025-08-29 17:45:07.180216', '2025-08-29 17:45:07.180216') RETURNING "id" /*application='BookStore'*/[0m
  [1m[36mTRANSACTION (0.1ms)[0m  [1m[35mCOMMIT TRANSACTION /*application='BookStore'*/[0m
  [1m[36mTRANSACTION (0.1ms)[0m  [1m[35mBEGIN immediate TRANSACTION /*application='BookStore'*/[0m
  [1m[36mCategory Create (3.3ms)[0m  [1m[32mINSERT INTO "categories" ("name", "created_at", "updated_at") VALUES ('History', '2025-08-29 17:45:07.185903', '2025-08-29 17:45:07.185903') RETURNING "id" /*application='BookStore'*/[0m
  [1m[36mTRANSACTION (0.1ms)[0m  [1m[35mCOMMIT TRANSACTION /*application='BookStore'*/[0m
Started GET "/books" for ::1 at 2025-08-29 23:17:47 +0530
  [1m[36mActiveRecord::SchemaMigration Load (0.3ms)[0m  [1m[34mSELECT "schema_migrations"."version" FROM "schema_migrations" ORDER BY "schema_migrations"."version" ASC /*application='BookStore'*/[0m
Processing by BooksController#index as HTML
  Rendering layout layouts/application.html.erb
  Rendering books/index.html.erb within layouts/application
  [1m[36mBook Load (1.1ms)[0m  [1m[34mSELECT "books".* FROM "books" /*action='index',application='BookStore',controller='books'*/[0m
  ↳ app/views/books/index.html.erb:3
  Rendered books/index.html.erb within layouts/application (Duration: 37.9ms | GC: 0.0ms)
  Rendered layout layouts/application.html.erb (Duration: 44.2ms | GC: 0.0ms)
Completed 200 OK in 147ms (Views: 49.6ms | ActiveRecord: 2.5ms (1 query, 0 cached) | GC: 0.0ms)


Started GET "/favicon.ico" for ::1 at 2025-08-29 23:17:47 +0530
  
ActionController::RoutingError (No route matches [GET] "/favicon.ico"):
  
  [1m[36mActiveRecord::InternalMetadata Load (0.2ms)[0m  [1m[34mSELECT * FROM "ar_internal_metadata" WHERE "ar_internal_metadata"."key" = 'environment' ORDER BY "ar_internal_metadata"."key" ASC LIMIT 1 /*application='BookStore'*/[0m
  [1m[36mActiveRecord::SchemaMigration Load (0.1ms)[0m  [1m[34mSELECT "schema_migrations"."version" FROM "schema_migrations" ORDER BY "schema_migrations"."version" ASC /*application='BookStore'*/[0m
Migrating to DeviseCreateUsers (20250829180043)
  [1m[36mTRANSACTION (0.1ms)[0m  [1m[35mBEGIN immediate TRANSACTION /*application='BookStore'*/[0m
  [1m[35m (1.7ms)[0m  [1m[35mCREATE TABLE "users" ("id" integer PRIMARY KEY AUTOINCREMENT NOT NULL, "email" varchar DEFAULT '' NOT NULL, "encrypted_password" varchar DEFAULT '' NOT NULL, "reset_password_token" varchar, "reset_password_sent_at" datetime(6), "remember_created_at" datetime(6), "created_at" datetime(6) NOT NULL, "updated_at" datetime(6) NOT NULL) /*application='BookStore'*/[0m
  [1m[35m (0.2ms)[0m  [1m[35mCREATE UNIQUE INDEX "index_users_on_email" ON "users" ("email") /*application='BookStore'*/[0m
  [1m[35m (0.5ms)[0m  [1m[35mCREATE UNIQUE INDEX "index_users_on_reset_password_token" ON "users" ("reset_password_token") /*application='BookStore'*/[0m
  [1m[36mActiveRecord::SchemaMigration Create (0.3ms)[0m  [1m[32mINSERT INTO "schema_migrations" ("version") VALUES ('20250829180043') RETURNING "version" /*application='BookStore'*/[0m
  [1m[36mTRANSACTION (6.7ms)[0m  [1m[35mCOMMIT TRANSACTION /*application='BookStore'*/[0m
  [1m[36mActiveRecord::SchemaMigration Load (0.2ms)[0m  [1m[34mSELECT "schema_migrations"."version" FROM "schema_migrations" ORDER BY "schema_migrations"."version" ASC /*application='BookStore'*/[0m
  [1m[36mActiveRecord::InternalMetadata Load (0.2ms)[0m  [1m[34mSELECT * FROM "ar_internal_metadata" WHERE "ar_internal_metadata"."key" = 'environment' ORDER BY "ar_internal_metadata"."key" ASC LIMIT 1 /*application='BookStore'*/[0m
  [1m[36mActiveRecord::SchemaMigration Load (0.1ms)[0m  [1m[34mSELECT "schema_migrations"."version" FROM "schema_migrations" ORDER BY "schema_migrations"."version" ASC /*application='BookStore'*/[0m
  [1m[36mActiveRecord::SchemaMigration Load (0.1ms)[0m  [1m[34mSELECT "schema_migrations"."version" FROM "schema_migrations" ORDER BY "schema_migrations"."version" ASC /*application='BookStore'*/[0m
Started GET "/books" for ::1 at 2025-08-29 23:32:52 +0530
  [1m[36mActiveRecord::SchemaMigration Load (0.2ms)[0m  [1m[34mSELECT "schema_migrations"."version" FROM "schema_migrations" ORDER BY "schema_migrations"."version" ASC /*application='BookStore'*/[0m
Processing by BooksController#index as HTML
  Rendering layout layouts/application.html.erb
  Rendering books/index.html.erb within layouts/application
  [1m[36mBook Load (2.5ms)[0m  [1m[34mSELECT "books".* FROM "books" /*action='index',application='BookStore',controller='books'*/[0m
  ↳ app/views/books/index.html.erb:3
  Rendered books/index.html.erb within layouts/application (Duration: 100.7ms | GC: 70.8ms)
  Rendered layout layouts/application.html.erb (Duration: 112.9ms | GC: 71.6ms)
Completed 200 OK in 184ms (Views: 112.6ms | ActiveRecord: 4.9ms (1 query, 0 cached) | GC: 73.0ms)


Started GET "/books/1/edit" for ::1 at 2025-08-29 23:33:05 +0530
Processing by BooksController#edit as HTML
  Parameters: {"id"=>"1"}
  [1m[36mBook Load (0.3ms)[0m  [1m[34mSELECT "books".* FROM "books" WHERE "books"."id" = 1 LIMIT 1 /*action='edit',application='BookStore',controller='books'*/[0m
  ↳ app/controllers/books_controller.rb:64:in `set_book'
Completed 401 Unauthorized in 95ms (ActiveRecord: 0.2ms (1 query, 0 cached) | GC: 0.4ms)


Started GET "/users/sign_in" for ::1 at 2025-08-29 23:33:05 +0530
Processing by Devise::SessionsController#new as HTML
  Rendering layout layouts/application.html.erb
  Rendering /home/soham/.rvm/gems/ruby-3.2.2/gems/devise-4.9.4/app/views/devise/sessions/new.html.erb within layouts/application
  Rendered /home/soham/.rvm/gems/ruby-3.2.2/gems/devise-4.9.4/app/views/devise/shared/_links.html.erb (Duration: 1.1ms | GC: 0.0ms)
  Rendered /home/soham/.rvm/gems/ruby-3.2.2/gems/devise-4.9.4/app/views/devise/sessions/new.html.erb within layouts/application (Duration: 14.9ms | GC: 0.2ms)
  Rendered layout layouts/application.html.erb (Duration: 16.1ms | GC: 0.2ms)
Completed 200 OK in 68ms (Views: 18.9ms | ActiveRecord: 0.6ms (0 queries, 0 cached) | GC: 0.7ms)


Started GET "/books/1/edit" for ::1 at 2025-08-29 23:33:09 +0530
Processing by BooksController#edit as HTML
  Parameters: {"id"=>"1"}
  [1m[36mBook Load (0.9ms)[0m  [1m[34mSELECT "books".* FROM "books" WHERE "books"."id" = 1 LIMIT 1 /*action='edit',application='BookStore',controller='books'*/[0m
  ↳ app/controllers/books_controller.rb:64:in `set_book'
Completed 401 Unauthorized in 64ms (ActiveRecord: 0.8ms (1 query, 0 cached) | GC: 0.8ms)


Started GET "/users/sign_in" for ::1 at 2025-08-29 23:33:09 +0530
Processing by Devise::SessionsController#new as HTML
  Rendering layout layouts/application.html.erb
  Rendering /home/soham/.rvm/gems/ruby-3.2.2/gems/devise-4.9.4/app/views/devise/sessions/new.html.erb within layouts/application
  Rendered /home/soham/.rvm/gems/ruby-3.2.2/gems/devise-4.9.4/app/views/devise/shared/_links.html.erb (Duration: 0.6ms | GC: 0.0ms)
  Rendered /home/soham/.rvm/gems/ruby-3.2.2/gems/devise-4.9.4/app/views/devise/sessions/new.html.erb within layouts/application (Duration: 6.9ms | GC: 0.0ms)
  Rendered layout layouts/application.html.erb (Duration: 11.6ms | GC: 0.0ms)
Completed 200 OK in 42ms (Views: 16.7ms | ActiveRecord: 0.0ms (0 queries, 0 cached) | GC: 1.2ms)


Started GET "/books/new" for ::1 at 2025-08-29 23:35:27 +0530
Processing by BooksController#new as HTML
Completed 401 Unauthorized in 45ms (ActiveRecord: 0.0ms (0 queries, 0 cached) | GC: 0.0ms)


Started GET "/users/sign_in" for ::1 at 2025-08-29 23:35:27 +0530
Processing by Devise::SessionsController#new as HTML
  Rendering layout layouts/application.html.erb
  Rendering /home/soham/.rvm/gems/ruby-3.2.2/gems/devise-4.9.4/app/views/devise/sessions/new.html.erb within layouts/application
  Rendered /home/soham/.rvm/gems/ruby-3.2.2/gems/devise-4.9.4/app/views/devise/shared/_links.html.erb (Duration: 0.5ms | GC: 0.0ms)
  Rendered /home/soham/.rvm/gems/ruby-3.2.2/gems/devise-4.9.4/app/views/devise/sessions/new.html.erb within layouts/application (Duration: 4.1ms | GC: 0.0ms)
  Rendered layout layouts/application.html.erb (Duration: 5.5ms | GC: 0.0ms)
Completed 200 OK in 29ms (Views: 6.4ms | ActiveRecord: 0.0ms (0 queries, 0 cached) | GC: 0.0ms)


Started GET "/books" for ::1 at 2025-08-29 23:38:15 +0530
  [1m[36mActiveRecord::SchemaMigration Load (0.2ms)[0m  [1m[34mSELECT "schema_migrations"."version" FROM "schema_migrations" ORDER BY "schema_migrations"."version" ASC /*application='BookStore'*/[0m
Processing by BooksController#index as HTML
  Rendering layout layouts/application.html.erb
  Rendering books/index.html.erb within layouts/application
  [1m[36mBook Load (1.2ms)[0m  [1m[34mSELECT "books".* FROM "books" /*action='index',application='BookStore',controller='books'*/[0m
  ↳ app/views/books/index.html.erb:3
  Rendered books/index.html.erb within layouts/application (Duration: 65.3ms | GC: 37.3ms)
  Rendered layout layouts/application.html.erb (Duration: 90.2ms | GC: 51.1ms)
Completed 200 OK in 164ms (Views: 90.7ms | ActiveRecord: 2.9ms (1 query, 0 cached) | GC: 57.4ms)


Started GET "/books" for ::1 at 2025-08-29 23:43:28 +0530
  [1m[36mActiveRecord::SchemaMigration Load (0.2ms)[0m  [1m[34mSELECT "schema_migrations"."version" FROM "schema_migrations" ORDER BY "schema_migrations"."version" ASC /*application='BookStore'*/[0m
Processing by BooksController#index as HTML
  Rendering layout layouts/application.html.erb
  Rendering books/index.html.erb within layouts/application
  [1m[36mBook Load (1.5ms)[0m  [1m[34mSELECT "books".* FROM "books" /*action='index',application='BookStore',controller='books'*/[0m
  ↳ app/views/books/index.html.erb:3
  Rendered books/index.html.erb within layouts/application (Duration: 74.4ms | GC: 47.2ms)
  Rendered layout layouts/application.html.erb (Duration: 97.4ms | GC: 58.8ms)
Completed 200 OK in 162ms (Views: 97.3ms | ActiveRecord: 3.5ms (1 query, 0 cached) | GC: 60.1ms)


  [1m[36mTRANSACTION (0.1ms)[0m  [1m[35mBEGIN immediate TRANSACTION /*application='BookStore'*/[0m
  [1m[36mTRANSACTION (0.1ms)[0m  [1m[31mROLLBACK TRANSACTION /*application='BookStore'*/[0m
  [1m[36mActiveRecord::InternalMetadata Load (0.2ms)[0m  [1m[34mSELECT * FROM "ar_internal_metadata" WHERE "ar_internal_metadata"."key" = 'environment' ORDER BY "ar_internal_metadata"."key" ASC LIMIT 1 /*application='BookStore'*/[0m
  [1m[36mActiveRecord::SchemaMigration Load (0.1ms)[0m  [1m[34mSELECT "schema_migrations"."version" FROM "schema_migrations" ORDER BY "schema_migrations"."version" ASC /*application='BookStore'*/[0m
Migrating to CreateJobLogs (20250829190150)
  [1m[36mTRANSACTION (0.1ms)[0m  [1m[35mBEGIN immediate TRANSACTION /*application='BookStore'*/[0m
  [1m[35m (1.8ms)[0m  [1m[35mCREATE TABLE "job_logs" ("id" integer PRIMARY KEY AUTOINCREMENT NOT NULL, "job_name" varchar, "status" varchar, "executed_at" datetime(6), "message" text, "created_at" datetime(6) NOT NULL, "updated_at" datetime(6) NOT NULL) /*application='BookStore'*/[0m
  [1m[36mActiveRecord::SchemaMigration Create (0.2ms)[0m  [1m[32mINSERT INTO "schema_migrations" ("version") VALUES ('20250829190150') RETURNING "version" /*application='BookStore'*/[0m
  [1m[36mTRANSACTION (6.6ms)[0m  [1m[35mCOMMIT TRANSACTION /*application='BookStore'*/[0m
  [1m[36mActiveRecord::SchemaMigration Load (0.1ms)[0m  [1m[34mSELECT "schema_migrations"."version" FROM "schema_migrations" ORDER BY "schema_migrations"."version" ASC /*application='BookStore'*/[0m
Started GET "/books" for ::1 at 2025-08-30 00:45:54 +0530
  [1m[36mActiveRecord::SchemaMigration Load (0.2ms)[0m  [1m[34mSELECT "schema_migrations"."version" FROM "schema_migrations" ORDER BY "schema_migrations"."version" ASC /*application='BookStore'*/[0m
  
ActionController::RoutingError (No route matches [GET] "/books"):
  
Started GET "/sidekiq" for ::1 at 2025-08-30 00:46:09 +0530
Started GET "/sidekiq/stylesheets/style.css" for ::1 at 2025-08-30 00:46:09 +0530
Started GET "/sidekiq/javascripts/application.js" for ::1 at 2025-08-30 00:46:09 +0530
Started GET "/sidekiq/javascripts/chartjs-adapter-date-fns.min.js" for ::1 at 2025-08-30 00:46:09 +0530
Started GET "/sidekiq/javascripts/base-charts.js" for ::1 at 2025-08-30 00:46:10 +0530
Started GET "/sidekiq/javascripts/dashboard-charts.js" for ::1 at 2025-08-30 00:46:10 +0530
Started GET "/sidekiq/javascripts/chart.min.js" for ::1 at 2025-08-30 00:46:10 +0530
Started GET "/sidekiq/javascripts/dashboard.js" for ::1 at 2025-08-30 00:46:10 +0530
Started GET "/sidekiq/javascripts/chartjs-plugin-annotation.min.js" for ::1 at 2025-08-30 00:46:10 +0530
Started GET "/sidekiq/stats" for ::1 at 2025-08-30 00:46:10 +0530
Started GET "/sidekiq/images/favicon.ico" for ::1 at 2025-08-30 00:46:10 +0530
Started GET "/sidekiq/stats" for ::1 at 2025-08-30 00:46:15 +0530
Started GET "/sidekiq/stats" for ::1 at 2025-08-30 00:46:20 +0530
Started GET "/sidekiq/stats" for ::1 at 2025-08-30 00:46:26 +0530
Started GET "/sidekiq/stats" for ::1 at 2025-08-30 00:46:30 +0530
Started GET "/sidekiq/stats" for ::1 at 2025-08-30 00:46:35 +0530
Started GET "/sidekiq/stats" for ::1 at 2025-08-30 00:46:40 +0530
Started GET "/sidekiq/stats" for ::1 at 2025-08-30 00:46:45 +0530
Started GET "/sidekiq/stats" for ::1 at 2025-08-30 00:46:50 +0530
Started GET "/sidekiq/" for ::1 at 2025-08-30 00:46:51 +0530
Started GET "/sidekiq/stats" for ::1 at 2025-08-30 00:46:52 +0530
Started GET "/sidekiq/" for ::1 at 2025-08-30 00:46:53 +0530
Started GET "/sidekiq/stats" for ::1 at 2025-08-30 00:46:53 +0530
Started GET "/sidekiq/stats" for ::1 at 2025-08-30 00:46:58 +0530
Started GET "/sidekiq/profiles" for ::1 at 2025-08-30 00:47:01 +0530
Started GET "/sidekiq/" for ::1 at 2025-08-30 00:47:03 +0530
Started GET "/sidekiq/stats" for ::1 at 2025-08-30 00:47:04 +0530
Started GET "/sidekiq/" for ::1 at 2025-08-30 00:47:04 +0530
Started GET "/sidekiq/stats" for ::1 at 2025-08-30 00:47:05 +0530
Started GET "/sidekiq/?days=7" for ::1 at 2025-08-30 00:47:09 +0530
Started GET "/sidekiq/stats" for ::1 at 2025-08-30 00:47:09 +0530
Started GET "/sidekiq/?days=180" for ::1 at 2025-08-30 00:47:12 +0530
Started GET "/sidekiq/stats" for ::1 at 2025-08-30 00:47:12 +0530
Started GET "/sidekiq/stats" for ::1 at 2025-08-30 00:47:17 +0530
Started GET "/sidekiq/stats" for ::1 at 2025-08-30 00:47:23 +0530
Started GET "/sidekiq/stats" for ::1 at 2025-08-30 00:47:28 +0530
